\BOOKMARK [0][-]{part.1}{\376\377\000I\000\040\000S\000t\000r\000e\000s\000z\000c\000z\000e\000n\000i\000e}{}% 1
\BOOKMARK [0][-]{part.2}{\376\377\000I\000I\000\040\000S\000p\000r\000a\000w\000o\000z\000d\000a\000n\000i\000e}{}% 2
\BOOKMARK [0][-]{part.3}{\376\377\000I\000I\000I\000\040\000D\000o\000k\000u\000m\000e\000n\000t\000a\000c\000j\000a\000\040\000k\000o\000d\000u}{}% 3
\BOOKMARK [1][-]{section.1}{\376\377\000D\000o\000k\000u\000m\000e\000n\000t\000a\000c\000j\000a\000\040\000p\000l\000i\000k\000u\000\040\000b\000e\000n\000c\000h\000m\000a\000r\000k\000.\000h}{part.3}% 4
\BOOKMARK [2][-]{subsection.1.1}{\376\377\000O\000p\000i\000s\000\040\000s\000z\000c\000z\000e\000g\000\363\001\102\000o\000w\000y}{section.1}% 5
\BOOKMARK [2][-]{subsection.1.2}{\376\377\000D\000o\000k\000u\000m\000e\000n\000t\000a\000c\000j\000a\000\040\000f\000u\000n\000k\000c\000j\000i}{section.1}% 6
\BOOKMARK [3][-]{subsubsection.1.2.1}{\376\377\000B\000e\000n\000c\000h\000m\000a\000r\000k}{subsection.1.2}% 7
\BOOKMARK [3][-]{subsubsection.1.2.2}{\376\377\000l\000i\000c\000z\000\137\000d\000e\000k\000a\000d\000y}{subsection.1.2}% 8
\BOOKMARK [1][-]{section.2}{\376\377\000D\000o\000k\000u\000m\000e\000n\000t\000a\000c\000j\000a\000\040\000p\000l\000i\000k\000u\000\040\000o\000p\000e\000r\000a\000c\000j\000a\000.\000h}{part.3}% 9
\BOOKMARK [2][-]{subsection.2.1}{\376\377\000D\000o\000k\000u\000m\000e\000n\000t\000a\000c\000j\000a\000\040\000f\000u\000n\000k\000c\000j\000i}{section.2}% 10
\BOOKMARK [3][-]{subsubsection.2.1.1}{\376\377\000o\000p\000e\000r\000a\000c\000j\000a}{subsection.2.1}% 11
\BOOKMARK [1][-]{section.3}{\376\377\000D\000o\000k\000u\000m\000e\000n\000t\000a\000c\000j\000a\000\040\000p\000l\000i\000k\000u\000\040\000u\000s\000t\000a\000w\000i\000e\000n\000i\000a\000.\000h}{part.3}% 12
\BOOKMARK [2][-]{subsection.3.1}{\376\377\000O\000p\000i\000s\000\040\000s\000z\000c\000z\000e\000g\000\363\001\102\000o\000w\000y}{section.3}% 13
\BOOKMARK [2][-]{subsection.3.2}{\376\377\000D\000o\000k\000u\000m\000e\000n\000t\000a\000c\000j\000a\000\040\000d\000e\000f\000i\000n\000i\000c\000j\000i}{section.3}% 14
\BOOKMARK [3][-]{subsubsection.3.2.1}{\376\377\000I\000L\000O\000S\000C}{subsection.3.2}% 15
\BOOKMARK [3][-]{subsubsection.3.2.2}{\376\377\000I\000L\000O\000S\000C\000\137\000P\000O\000W\000T\000O\000R\000Z\000E\000N}{subsection.3.2}% 16
\BOOKMARK [3][-]{subsubsection.3.2.3}{\376\377\000K\000R\000E\000S\000\137\000D\000O\000L\000N\000Y}{subsection.3.2}% 17
\BOOKMARK [3][-]{subsubsection.3.2.4}{\376\377\000K\000R\000E\000S\000\137\000G\000O\000R\000N\000Y}{subsection.3.2}% 18
\BOOKMARK [3][-]{subsubsection.3.2.5}{\376\377\000N\000A\000Z\000W\000A\000\137\000P\000L\000I\000K\000U\000\137\000W\000E}{subsection.3.2}% 19
\BOOKMARK [3][-]{subsubsection.3.2.6}{\376\377\000N\000A\000Z\000W\000A\000\137\000P\000L\000I\000K\000U\000\137\000W\000Y}{subsection.3.2}% 20
