\BOOKMARK [0][-]{part.1}{\376\377\000I\000\040\000S\000t\000r\000e\000s\000z\000c\000z\000e\000n\000i\000e}{}% 1
\BOOKMARK [0][-]{part.2}{\376\377\000I\000I\000\040\000S\000p\000r\000a\000w\000o\000z\000d\000a\000n\000i\000e}{}% 2
\BOOKMARK [0][-]{part.3}{\376\377\000I\000I\000I\000\040\000D\000o\000k\000u\000m\000e\000n\000t\000a\000c\000j\000a\000\040\000k\000l\000a\000s}{}% 3
\BOOKMARK [1][-]{section.1}{\376\377\000D\000o\000k\000u\000m\000e\000n\000t\000a\000c\000j\000a\000\040\000s\000t\000r\000u\000k\000t\000u\000r\000y\000\040\000c\000e\000g\000l\000a}{part.3}% 4
\BOOKMARK [2][-]{subsection.1.1}{\376\377\000O\000p\000i\000s\000\040\000s\000z\000c\000z\000e\000g\000\363\001\102\000o\000w\000y}{section.1}% 5
\BOOKMARK [2][-]{subsection.1.2}{\376\377\000D\000o\000k\000u\000m\000e\000n\000t\000a\000c\000j\000a\000\040\000a\000t\000r\000y\000b\000u\000t\000\363\000w\000\040\000s\000k\001\102\000a\000d\000o\000w\000y\000c\000h}{section.1}% 6
\BOOKMARK [3][-]{subsubsection.1.2.1}{\376\377\000d\000a\000n\000a}{subsection.1.2}% 7
\BOOKMARK [3][-]{subsubsection.1.2.2}{\376\377\000n\000a\000s\000t\000e\000p\000n\000a}{subsection.1.2}% 8
\BOOKMARK [1][-]{section.2}{\376\377\000D\000o\000k\000u\000m\000e\000n\000t\000a\000c\000j\000a\000\040\000k\000l\000a\000s\000y\000\040\000K\000o\000l\000e\000j\000k\000a}{part.3}% 9
\BOOKMARK [2][-]{subsection.2.1}{\376\377\000O\000p\000i\000s\000\040\000s\000z\000c\000z\000e\000g\000\363\001\102\000o\000w\000y}{section.2}% 10
\BOOKMARK [2][-]{subsection.2.2}{\376\377\000D\000o\000k\000u\000m\000e\000n\000t\000a\000c\000j\000a\000\040\000f\000u\000n\000k\000c\000j\000i\000\040\000s\000k\001\102\000a\000d\000o\000w\000y\000c\000h}{section.2}% 11
\BOOKMARK [3][-]{subsubsection.2.2.1}{\376\377\000p\000o\000p}{subsection.2.2}% 12
\BOOKMARK [1][-]{section.3}{\376\377\000D\000o\000k\000u\000m\000e\000n\000t\000a\000c\000j\000a\000\040\000k\000l\000a\000s\000y\000\040\000K\000o\000n\000t\000e\000n\000e\000r}{part.3}% 13
\BOOKMARK [2][-]{subsection.3.1}{\376\377\000O\000p\000i\000s\000\040\000s\000z\000c\000z\000e\000g\000\363\001\102\000o\000w\000y}{section.3}% 14
\BOOKMARK [2][-]{subsection.3.2}{\376\377\000D\000o\000k\000u\000m\000e\000n\000t\000a\000c\000j\000a\000\040\000k\000o\000n\000s\000t\000r\000u\000k\000t\000o\000r\000a\000\040\000i\000\040\000d\000e\000s\000t\000r\000u\000k\000t\000o\000r\000a}{section.3}% 15
\BOOKMARK [3][-]{subsubsection.3.2.1}{\376\377\000K\000o\000n\000t\000e\000n\000e\000r}{subsection.3.2}% 16
\BOOKMARK [2][-]{subsection.3.3}{\376\377\000D\000o\000k\000u\000m\000e\000n\000t\000a\000c\000j\000a\000\040\000f\000u\000n\000k\000c\000j\000i\000\040\000s\000k\001\102\000a\000d\000o\000w\000y\000c\000h}{section.3}% 17
\BOOKMARK [3][-]{subsubsection.3.3.1}{\376\377\000e\000r\000a\000s\000e}{subsection.3.3}% 18
\BOOKMARK [3][-]{subsubsection.3.3.2}{\376\377\000f\000i\000n\000d}{subsection.3.3}% 19
\BOOKMARK [3][-]{subsubsection.3.3.3}{\376\377\000i\000n\000s\000e\000r\000t}{subsection.3.3}% 20
\BOOKMARK [3][-]{subsubsection.3.3.4}{\376\377\000p\000u\000s\000h}{subsection.3.3}% 21
\BOOKMARK [3][-]{subsubsection.3.3.5}{\376\377\000s\000h\000o\000w}{subsection.3.3}% 22
\BOOKMARK [3][-]{subsubsection.3.3.6}{\376\377\000s\000i\000z\000e}{subsection.3.3}% 23
\BOOKMARK [2][-]{subsection.3.4}{\376\377\000D\000o\000k\000u\000m\000e\000n\000t\000a\000c\000j\000a\000\040\000a\000t\000r\000y\000b\000u\000t\000\363\000w\000\040\000s\000k\001\102\000a\000d\000o\000w\000y\000c\000h}{section.3}% 24
\BOOKMARK [3][-]{subsubsection.3.4.1}{\376\377\000a\000l\000f\000a}{subsection.3.4}% 25
\BOOKMARK [1][-]{section.4}{\376\377\000D\000o\000k\000u\000m\000e\000n\000t\000a\000c\000j\000a\000\040\000k\000l\000a\000s\000y\000\040\000S\000t\000o\000s}{part.3}% 26
\BOOKMARK [2][-]{subsection.4.1}{\376\377\000O\000p\000i\000s\000\040\000s\000z\000c\000z\000e\000g\000\363\001\102\000o\000w\000y}{section.4}% 27
\BOOKMARK [2][-]{subsection.4.2}{\376\377\000D\000o\000k\000u\000m\000e\000n\000t\000a\000c\000j\000a\000\040\000f\000u\000n\000k\000c\000j\000i\000\040\000s\000k\001\102\000a\000d\000o\000w\000y\000c\000h}{section.4}% 28
\BOOKMARK [3][-]{subsubsection.4.2.1}{\376\377\000p\000o\000p}{subsection.4.2}% 29
\BOOKMARK [0][-]{part.4}{\376\377\000I\000V\000\040\000D\000o\000k\000u\000m\000e\000n\000t\000a\000c\000j\000a\000\040\000p\000l\000i\000k\000\363\000w}{}% 30
\BOOKMARK [1][-]{section.5}{\376\377\000D\000o\000k\000u\000m\000e\000n\000t\000a\000c\000j\000a\000\040\000p\000l\000i\000k\000u\000\040\000c\000e\000g\000l\000a\000.\000h}{part.4}% 31
\BOOKMARK [1][-]{section.6}{\376\377\000D\000o\000k\000u\000m\000e\000n\000t\000a\000c\000j\000a\000\040\000p\000l\000i\000k\000u\000\040\000k\000o\000l\000e\000j\000k\000a\000.\000h}{part.4}% 32
\BOOKMARK [1][-]{section.7}{\376\377\000D\000o\000k\000u\000m\000e\000n\000t\000a\000c\000j\000a\000\040\000p\000l\000i\000k\000u\000\040\000k\000o\000n\000t\000e\000n\000e\000r\000.\000h}{part.4}% 33
\BOOKMARK [1][-]{section.8}{\376\377\000D\000o\000k\000u\000m\000e\000n\000t\000a\000c\000j\000a\000\040\000p\000l\000i\000k\000u\000\040\000s\000t\000o\000s\000.\000h}{part.4}% 34
